\BOOKMARK [0][-]{chapter.1}{Introduction}{}% 1
\BOOKMARK [0][-]{chapter.2}{GPUs\040and\040Parallel\040Programming\040Models}{}% 2
\BOOKMARK [1][-]{section.2.1}{Graphics\040Processing\040Units\040\(GPU\)\040Computing}{chapter.2}% 3
\BOOKMARK [1][-]{section.2.2}{NVIDIA's\040Kepler\040Architecture}{chapter.2}% 4
\BOOKMARK [1][-]{section.2.3}{NVIDIA\040CUDA\040Programming\040Model}{chapter.2}% 5
\BOOKMARK [0][-]{chapter.3}{A\040Review\040of\040Solving\040Partial\040Differential\040Equations\040\(PDEs\)}{}% 6
\BOOKMARK [1][-]{section.3.1}{About\040PDEs}{chapter.3}% 7
\BOOKMARK [2][-]{subsection.3.1.1}{Finite\040Difference\040Methods\040for\040Solving\040Elliptic\040PDEs}{section.3.1}% 8
\BOOKMARK [2][-]{subsection.3.1.2}{Finite\040Difference\040Methods\040for\040Solving\040Parabolic\040PDE's}{section.3.1}% 9
\BOOKMARK [1][-]{section.3.2}{Stencil\040Computation}{chapter.3}% 10
\BOOKMARK [1][-]{section.3.3}{Solvers\040for\040PDEs}{chapter.3}% 11
\BOOKMARK [1][-]{section.3.4}{Conclusions\040of\040Review}{chapter.3}% 12
\BOOKMARK [0][-]{chapter.4}{Implementation}{}% 13
\BOOKMARK [1][-]{section.4.1}{Cyclic\040Reduction}{chapter.4}% 14
\BOOKMARK [2][-]{subsection.4.1.1}{The\040algorithm}{section.4.1}% 15
\BOOKMARK [2][-]{subsection.4.1.2}{Implementation\040Issues}{section.4.1}% 16
\BOOKMARK [1][-]{section.4.2}{Block\040Cyclic\040Reduction}{chapter.4}% 17
\BOOKMARK [2][-]{subsection.4.2.1}{The\040algorithm}{section.4.2}% 18
\BOOKMARK [2][-]{subsection.4.2.2}{Implementation\040Issues}{section.4.2}% 19
\BOOKMARK [0][-]{chapter.5}{Results}{}% 20
\BOOKMARK [1][-]{section.5.1}{Hardware\040and\040Metrics}{chapter.5}% 21
\BOOKMARK [1][-]{section.5.2}{Experiments}{chapter.5}% 22
\BOOKMARK [2][-]{subsection.5.2.1}{Single\040Precision\040Performance}{section.5.2}% 23
\BOOKMARK [2][-]{subsection.5.2.2}{Double\040Precision\040Performance}{section.5.2}% 24
\BOOKMARK [2][-]{subsection.5.2.3}{Conclusions}{section.5.2}% 25
\BOOKMARK [2][-]{subsection.5.2.4}{Further\040Improvements}{section.5.2}% 26
\BOOKMARK [0][-]{appendix.A}{}{}% 27
